F:\project\lua\Debug\cl.command.1.tlog
F:\project\lua\Debug\CL.read.1.tlog
F:\project\lua\Debug\CL.write.1.tlog
F:\project\lua\Debug\link.4864.read.1.tlog
F:\project\lua\Debug\link.4864.write.1.tlog
F:\project\lua\Debug\link.4864-cvtres.read.1.tlog
F:\project\lua\Debug\link.4864-cvtres.write.1.tlog
F:\project\lua\Debug\link.command.1.tlog
F:\project\lua\Debug\link.read.1.tlog
F:\project\lua\Debug\link.write.1.tlog
F:\project\lua\Debug\link-cvtres.read.1.tlog
F:\project\lua\Debug\link-cvtres.write.1.tlog
F:\PROJECT\LUA\DEBUG\LUA.EXE
F:\PROJECT\LUA\DEBUG\LUA.EXE.EMBED.MANIFEST
F:\PROJECT\LUA\DEBUG\LUA.EXE.EMBED.MANIFEST.RES
F:\PROJECT\LUA\DEBUG\LUA.EXE.INTERMEDIATE.MANIFEST
F:\PROJECT\LUA\DEBUG\LUA.ILK
F:\PROJECT\LUA\DEBUG\LUA.PDB
F:\project\lua\Debug\lua_manifest.rc
F:\project\lua\Debug\mt.command.1.tlog
F:\project\lua\Debug\mt.read.1.tlog
F:\project\lua\Debug\mt.write.1.tlog
F:\PROJECT\LUA\DEBUG\NETWORK.OBJ
F:\project\lua\Debug\rc.command.1.tlog
F:\project\lua\Debug\rc.read.1.tlog
F:\project\lua\Debug\rc.write.1.tlog
F:\PROJECT\LUA\DEBUG\TEST.OBJ
F:\PROJECT\LUA\DEBUG\TEST_LUA.OBJ
F:\PROJECT\LUA\DEBUG\TESTLIB.OBJ
F:\project\lua\Debug\vc100.idb
F:\PROJECT\LUA\DEBUG\VC100.PDB
